c:\users\espin\onedrive\documentos\cpp\vm3\vm3\debug\vc142.pdb
c:\users\espin\onedrive\documentos\cpp\vm3\vm3\debug\vc142.idb
c:\users\espin\onedrive\documentos\cpp\vm3\vm3\debug\pugixml.obj
c:\users\espin\onedrive\documentos\cpp\vm3\vm3\debug\main.obj
c:\users\espin\onedrive\documentos\cpp\vm3\debug\vm3.pdb
c:\users\espin\onedrive\documentos\cpp\vm3\vm3\debug\vm3.tlog\cl.command.1.tlog
c:\users\espin\onedrive\documentos\cpp\vm3\vm3\debug\vm3.tlog\cl.read.1.tlog
c:\users\espin\onedrive\documentos\cpp\vm3\vm3\debug\vm3.tlog\cl.write.1.tlog
c:\users\espin\onedrive\documentos\cpp\vm3\vm3\debug\vm3.tlog\link-cvtres.read.1.tlog
c:\users\espin\onedrive\documentos\cpp\vm3\vm3\debug\vm3.tlog\link-cvtres.write.1.tlog
c:\users\espin\onedrive\documentos\cpp\vm3\vm3\debug\vm3.tlog\link-rc.read.1.tlog
c:\users\espin\onedrive\documentos\cpp\vm3\vm3\debug\vm3.tlog\link-rc.write.1.tlog
c:\users\espin\onedrive\documentos\cpp\vm3\vm3\debug\vm3.tlog\link.16856-cvtres.read.1.tlog
c:\users\espin\onedrive\documentos\cpp\vm3\vm3\debug\vm3.tlog\link.16856-cvtres.write.1.tlog
c:\users\espin\onedrive\documentos\cpp\vm3\vm3\debug\vm3.tlog\link.16856-rc.read.1.tlog
c:\users\espin\onedrive\documentos\cpp\vm3\vm3\debug\vm3.tlog\link.16856-rc.write.1.tlog
c:\users\espin\onedrive\documentos\cpp\vm3\vm3\debug\vm3.tlog\link.16856.read.1.tlog
c:\users\espin\onedrive\documentos\cpp\vm3\vm3\debug\vm3.tlog\link.16856.write.1.tlog
c:\users\espin\onedrive\documentos\cpp\vm3\vm3\debug\vm3.tlog\link.command.1.tlog
c:\users\espin\onedrive\documentos\cpp\vm3\vm3\debug\vm3.tlog\link.read.1.tlog
c:\users\espin\onedrive\documentos\cpp\vm3\vm3\debug\vm3.tlog\link.write.1.tlog
