  main.cpp
C:\Users\espin\OneDrive\Documentos\Cpp\VM3\VM3\Oscillador.hpp(46,36): warning C4267: 'argumento': conversión de 'size_t' a 'unsigned int'; posible pérdida de datos
C:\Users\espin\OneDrive\Documentos\Cpp\VM3\VM3\Oscillador.hpp(71,30): warning C4244: 'return': conversión de 'double' a 'size_t'; posible pérdida de datos
C:\Users\espin\OneDrive\Documentos\Cpp\VM3\VM3\Oscillador.hpp(72,25): warning C4244: 'return': conversión de 'double' a 'size_t'; posible pérdida de datos
C:\Users\espin\OneDrive\Documentos\Cpp\VM3\VM3\NoiseMachine.hpp(216,3): warning C4091: 'typedef ': se ha omitido a la izquierda de 'VMMM::Track' cuando no hay ninguna variable declarada
C:\Users\espin\OneDrive\Documentos\Cpp\VM3\VM3\VitalComp.hpp(97,1): warning C4267: 'return': conversión de 'size_t' a 'int'; posible pérdida de datos
C:\Users\espin\OneDrive\Documentos\Cpp\VM3\VM3\VitalComp.hpp(105,1): warning C4334: '<<': el resultado del desplazamiento de 32 bits se convirtió implícitamente en 64 bits (¿quería un desplazamiento de 64 bits?)
C:\Users\espin\OneDrive\Documentos\Cpp\VM3\VM3\VitalComp.hpp(155,1): warning C4334: '<<': el resultado del desplazamiento de 32 bits se convirtió implícitamente en 64 bits (¿quería un desplazamiento de 64 bits?)
C:\Users\espin\OneDrive\Documentos\Cpp\VM3\VM3\VitalComp.hpp(157,1): warning C4334: '<<': el resultado del desplazamiento de 32 bits se convirtió implícitamente en 64 bits (¿quería un desplazamiento de 64 bits?)
C:\Users\espin\OneDrive\Documentos\Cpp\VM3\VM3\VitalComp.hpp(372,1): warning C4267: '=': conversión de 'size_t' a 'int'; posible pérdida de datos
C:\Users\espin\OneDrive\Documentos\Cpp\VM3\VM3\main.cpp(27,16): warning C4267: 'return': conversión de 'size_t' a 'char'; posible pérdida de datos
C:\Users\espin\OneDrive\Documentos\Cpp\VM3\VM3\NoiseMaker.hpp(121,18): warning C4244: 'inicializando': conversión de '__int64' a 'int'; posible pérdida de datos
C:\Users\espin\OneDrive\Documentos\Cpp\VM3\VM3\NoiseMaker.hpp(103): message : al compilar la función del miembro clase plantilla "bool olcNoiseMaker<short>::Create(std::wstring,size_t,size_t,size_t,size_t)"
C:\Users\espin\OneDrive\Documentos\Cpp\VM3\VM3\NoiseMachine.hpp(112): message : Vea la referencia a la creación de una instancia de la función plantilla "bool olcNoiseMaker<short>::Create(std::wstring,size_t,size_t,size_t,size_t)" que se está compilando
C:\Users\espin\OneDrive\Documentos\Cpp\VM3\VM3\NoiseMachine.hpp(55): message : Vea la referencia a la creación de una instancia de clase plantilla "olcNoiseMaker<short>" que se está compilando
C:\Users\espin\OneDrive\Documentos\Cpp\VM3\VM3\NoiseMaker.hpp(124,1): warning C4267: '=': conversión de 'size_t' a 'DWORD'; posible pérdida de datos
C:\Users\espin\OneDrive\Documentos\Cpp\VM3\VM3\NoiseMaker.hpp(126,1): warning C4267: '=': conversión de 'size_t' a 'WORD'; posible pérdida de datos
C:\Users\espin\OneDrive\Documentos\Cpp\VM3\VM3\NoiseMaker.hpp(149,1): warning C4267: '=': conversión de 'size_t' a 'DWORD'; posible pérdida de datos
C:\Users\espin\OneDrive\Documentos\Cpp\VM3\VM3\NoiseMaker.hpp(75,1): warning C4267: 'inicializando': conversión de 'size_t' a 'int'; posible pérdida de datos
C:\Users\espin\OneDrive\Documentos\Cpp\VM3\VM3\NoiseMaker.hpp(51): message : al compilar la función del miembro clase plantilla "void olcNoiseMaker<short>::MainThread(void)"
C:\Users\espin\OneDrive\Documentos\Cpp\VM3\VM3\NoiseMaker.hpp(155): message : Vea la referencia a la creación de una instancia de la función plantilla "void olcNoiseMaker<short>::MainThread(void)" que se está compilando
C:\Users\espin\OneDrive\Documentos\Cpp\VM3\VM3\NoiseMaker.hpp(81,1): warning C4267: 'argumento': conversión de 'size_t' a 'int'; posible pérdida de datos
C:\Users\espin\OneDrive\Documentos\Cpp\VM3\VM3\NoiseMaker.hpp(83,1): warning C4267: 'argumento': conversión de 'size_t' a 'int'; posible pérdida de datos
C:\Users\espin\OneDrive\Documentos\Cpp\VM3\VM3\NoiseMaker.hpp(49,1): warning C4312: 'conversión de tipo': conversión de 'DWORD' a 'olcNoiseMaker<short> *' de mayor tamaño
C:\Users\espin\OneDrive\Documentos\Cpp\VM3\VM3\NoiseMaker.hpp(48): message : al compilar la función del miembro clase plantilla "void olcNoiseMaker<short>::waveOutProcWrap(HWAVEOUT,UINT,DWORD,DWORD,DWORD)"
C:\Users\espin\OneDrive\Documentos\Cpp\VM3\VM3\NoiseMaker.hpp(132): message : Vea la referencia a la creación de una instancia de la función plantilla "void olcNoiseMaker<short>::waveOutProcWrap(HWAVEOUT,UINT,DWORD,DWORD,DWORD)" que se está compilando
  Generando código
  94 of 1248 functions ( 7.5%) were compiled, the rest were copied from previous compilation.
    28 functions were new in current compilation
    120 functions had inline decision re-evaluated but remain unchanged
  Generación de código finalizada
  VM3.vcxproj -> C:\Users\espin\OneDrive\Documentos\Cpp\VM3\Release\VM3.exe
